[2018-05-25 16:06:39.639] [qy_message] [Debug] [DB Executing (default): INSERT INTO acl_manager.test (`name`) VALUES (@name);]
[2018-05-25 16:07:29.729] [qy_message] [Debug] [DB Executing (default): INSERT INTO acl_manager.test (`name`) VALUES (@name);]
[2018-05-25 16:08:11.811] [qy_message] [Debug] [DB Executing (default): INSERT INTO acl_manager.test (`name`) VALUES (@name);]
[2018-05-25 16:08:28.828] [qy_message] [Debug] [DB Executing (default): INSERT INTO acl_manager.test (`name`) VALUES (@name);]
[2018-05-25 16:08:48.848] [qy_message] [Debug] [DB Executing (default): INSERT INTO acl_manager.test (`name`) VALUES (@name);]
[2018-05-25 16:09:08.98] [qy_message] [Debug] [DB Executing (default): INSERT INTO acl_manager.test (`name`) VALUES (@name);]
[2018-05-25 16:09:48.948] [qy_message] [Debug] [DB Executing (default): INSERT INTO acl_manager.test (`name`) VALUES (@name);]
[2018-05-25 16:10:02.102] [qy_message] [Debug] [DB Executing (default): INSERT INTO acl_manager.test (`name`) VALUES (@name);]
[2018-05-25 16:11:11.1111] [qy_message] [Debug] [DB Executing (default): INSERT INTO acl_manager.test (`name`) VALUES (@name);]
[2018-05-25 16:11:29.1129] [qy_message] [Debug] [DB Executing (default): INSERT INTO acl_manager.test (`name`) VALUES (@name);]
[2018-05-25 16:12:08.128] [qy_message] [Debug] [DB Executing (default): INSERT INTO acl_manager.test (`name`) VALUES (@name);]
[2018-05-25 16:12:23.1223] [qy_message] [Debug] [DB Executing (default): INSERT INTO acl_manager.test (`name`) VALUES ('测试');]
[2018-05-25 16:13:31.1331] [qy_message] [Debug] [DB Executing (default): INSERT INTO acl_manager.test (`name`) VALUES ('{"name":"````"}');]
[2018-05-25 16:14:13.1413] [qy_message] [Debug] [DB Executing (default): INSERT INTO acl_manager.test (`name`) VALUES ('');]
[2018-05-25 16:14:40.1440] [qy_message] [Debug] [DB Executing (default): INSERT INTO acl_manager.test (`name`) VALUES ('');]
[2018-05-25 16:15:33.1533] [qy_message] [Debug] [DB Executing (default): INSERT INTO acl_manager.test (`name`) VALUES ('');]
[2018-05-25 16:15:48.1548] [qy_message] [Debug] [DB Executing (default): INSERT INTO acl_manager.test (`name`) VALUES ('');]
[2018-05-25 16:16:40.1640] [qy_message] [Debug] [DB Executing (default): INSERT INTO acl_manager.test (`name`) VALUES ('');]
[2018-05-25 16:16:58.1658] [qy_message] [Debug] [DB Executing (default): INSERT INTO acl_manager.test (`name`) VALUES ('````');]
[2018-05-25 16:17:13.1713] [qy_message] [Debug] [DB Executing (default): INSERT INTO acl_manager.test (`name`) VALUES ('````');]
[2018-05-25 16:17:22.1722] [qy_message] [Debug] [DB Executing (default): INSERT INTO acl_manager.test (`name`) VALUES ('``\``');]
[2018-05-25 16:17:48.1748] [qy_message] [Debug] [DB Executing (default): INSERT INTO acl_manager.test (`name`) VALUES ('``''`');]
[2018-05-25 16:18:02.182] [qy_message] [Debug] [DB Executing (default): INSERT INTO acl_manager.test (`name`) VALUES ('``'`');]
[2018-05-25 16:18:35.1835] [qy_message] [Debug] [DB Executing (default): INSERT INTO acl_manager.test (`name`) VALUES ('```');]
[2018-05-25 16:33:19.3319] [qy_message] [Debug] [DB Executing (default): INSERT INTO acl_manager.test (`name`) VALUES ('``'`');]
[2018-05-25 16:33:44.3344] [qy_message] [Debug] [DB Executing (default): INSERT INTO acl_manager.test (`name`) VALUES ('``'`');]
[2018-05-25 16:34:17.3417] [qy_message] [Debug] [DB Executing (default): INSERT INTO acl_manager.test (`name`) VALUES ('``'`');]
[2018-05-25 16:34:52.3452] [qy_message] [Debug] [DB Executing (default): INSERT INTO acl_manager.test (`name`) VALUES ('``'`');]
[2018-05-25 16:34:52.3452] [qy_message] [Debug] [DB Executing (default): INSERT INTO acl_manager.test (`name`) VALUES (''),(''),('');]
[2018-05-25 16:36:52.3652] [qy_message] [Debug] [DB Executing (default): INSERT INTO acl_manager.test (`name`) VALUES ('``'`');]
[2018-05-25 16:36:52.3652] [qy_message] [Debug] [DB Executing (default): INSERT INTO acl_manager.test (`name`) VALUES (''),(''),('');]
[2018-05-25 16:37:27.3727] [qy_message] [Debug] [DB Executing (default): INSERT INTO acl_manager.test (`name`) VALUES ('测试');]
[2018-05-25 16:37:27.3727] [qy_message] [Debug] [DB Executing (default): INSERT INTO acl_manager.test (`name`) VALUES (''),(''),('');]
[2018-05-25 16:38:33.3833] [qy_message] [Debug] [DB Executing (default): INSERT INTO acl_manager.test (`name`) VALUES ('测试');]
[2018-05-25 16:38:33.3833] [qy_message] [Debug] [DB Executing (default): INSERT INTO acl_manager.test (`name`) VALUES (''),(''),('');]
